2017-07-19 13:30:45 INFO  BaseTestSetup:67 -  Browser Type ::FF
2017-07-19 13:30:45 INFO  BaseTestSetup:68 -  App URL ::http://way2automation.com/way2auto_jquery/index.php
2017-07-19 13:30:51 INFO  DriverUtility:30 - Launching new instance of firefox web driver.
2017-07-19 13:31:09 INFO  BaseTestSetup:67 -  Browser Type ::FF
2017-07-19 13:31:09 INFO  BaseTestSetup:68 -  App URL ::http://way2automation.com/way2auto_jquery/index.php
2017-07-19 13:33:48 ERROR DatabaseUtility:102 - There is no entry in database or the query resulted empty data set!
java.sql.SQLException: Invalid value for getInt() - 'Thomas'
	at com.mysql.jdbc.SQLError.createSQLException(SQLError.java:963)
	at com.mysql.jdbc.SQLError.createSQLException(SQLError.java:896)
	at com.mysql.jdbc.SQLError.createSQLException(SQLError.java:885)
	at com.mysql.jdbc.SQLError.createSQLException(SQLError.java:860)
	at com.mysql.jdbc.ResultSetImpl.getInt(ResultSetImpl.java:2517)
	at com.common.utility.DatabaseUtility.executeQuery(DatabaseUtility.java:92)
	at com.training.basicseleniumscripts.MouseAndKeyboardActionsTest.mouseAndKeyBoardActions_TakeScreenShot(MouseAndKeyboardActionsTest.java:324)
	at sun.reflect.NativeMethodAccessorImpl.invoke0(Native Method)
	at sun.reflect.NativeMethodAccessorImpl.invoke(Unknown Source)
	at sun.reflect.DelegatingMethodAccessorImpl.invoke(Unknown Source)
	at java.lang.reflect.Method.invoke(Unknown Source)
	at org.testng.internal.MethodInvocationHelper.invokeMethod(MethodInvocationHelper.java:108)
	at org.testng.internal.Invoker.invokeMethod(Invoker.java:661)
	at org.testng.internal.Invoker.invokeTestMethod(Invoker.java:869)
	at org.testng.internal.Invoker.invokeTestMethods(Invoker.java:1193)
	at org.testng.internal.TestMethodWorker.invokeTestMethods(TestMethodWorker.java:126)
	at org.testng.internal.TestMethodWorker.run(TestMethodWorker.java:109)
	at org.testng.TestRunner.privateRun(TestRunner.java:744)
	at org.testng.TestRunner.run(TestRunner.java:602)
	at org.testng.SuiteRunner.runTest(SuiteRunner.java:380)
	at org.testng.SuiteRunner.runSequentially(SuiteRunner.java:375)
	at org.testng.SuiteRunner.privateRun(SuiteRunner.java:340)
	at org.testng.SuiteRunner.run(SuiteRunner.java:289)
	at org.testng.SuiteRunnerWorker.runSuite(SuiteRunnerWorker.java:52)
	at org.testng.SuiteRunnerWorker.run(SuiteRunnerWorker.java:86)
	at org.testng.TestNG.runSuitesSequentially(TestNG.java:1301)
	at org.testng.TestNG.runSuitesLocally(TestNG.java:1226)
	at org.testng.TestNG.runSuites(TestNG.java:1144)
	at org.testng.TestNG.run(TestNG.java:1115)
	at org.testng.remote.AbstractRemoteTestNG.run(AbstractRemoteTestNG.java:132)
	at org.testng.remote.RemoteTestNG.initAndRun(RemoteTestNG.java:230)
	at org.testng.remote.RemoteTestNG.main(RemoteTestNG.java:76)
2017-07-19 13:38:34 INFO  BaseTestSetup:84 - Execution is completed. Closing the web driver now!
